<?xml version="1.0" encoding="UTF-8"?>
<robot generator="Robot 5.0.1 (Python 3.10.7 on win32)" generated="20230118 15:53:49.575" rpa="false" schemaversion="3">
<suite id="s1" name="FrontEnd" source="C:\development\robot-scripts\end-to-end\Tests\FrontEnd\FrontEnd.robot">
<test id="s1-t1" name="Should be able to access &quot;Landing&quot; page" line="13">
<kw name="Begin Web Test" library="StartToFinish" type="SETUP">
<kw name="Open Browser" library="SeleniumLibrary">
<arg>about:blank</arg>
<arg>${BROWSER}</arg>
<doc>Opens a new browser instance to the optional ``url``.</doc>
<msg timestamp="20230118 15:53:49.951" level="INFO">Opening browser 'firefox' to base url 'about:blank'.</msg>
<msg timestamp="20230118 15:53:49.966" level="INFO">Firefox driver log is always forced to to: C:\development\robot-scripts\end-to-end\Results\geckodriver-27.log</msg>
<status status="PASS" starttime="20230118 15:53:49.950" endtime="20230118 15:53:54.610"/>
</kw>
<kw name="Maximize Browser Window" library="SeleniumLibrary">
<doc>Maximizes current browser window.</doc>
<status status="PASS" starttime="20230118 15:53:54.610" endtime="20230118 15:53:54.875"/>
</kw>
<kw name="Sleep" library="BuiltIn">
<arg>5s</arg>
<doc>Pauses the test executed for the given time.</doc>
<msg timestamp="20230118 15:53:59.886" level="INFO">Slept 5 seconds</msg>
<status status="PASS" starttime="20230118 15:53:54.875" endtime="20230118 15:53:59.886"/>
</kw>
<status status="PASS" starttime="20230118 15:53:49.950" endtime="20230118 15:53:59.886"/>
</kw>
<kw name="Go to Landing page" library="FrontEndApp">
<kw name="Navigate To" library="Landing">
<kw name="Go To" library="SeleniumLibrary">
<arg>${URL}</arg>
<doc>Navigates the current browser window to the provided ``url``.</doc>
<msg timestamp="20230118 15:53:59.887" level="INFO">Opening url 'https://magento.softwaretestingboard.com/'</msg>
<status status="PASS" starttime="20230118 15:53:59.887" endtime="20230118 15:54:00.993"/>
</kw>
<status status="PASS" starttime="20230118 15:53:59.887" endtime="20230118 15:54:00.993"/>
</kw>
<status status="PASS" starttime="20230118 15:53:59.886" endtime="20230118 15:54:00.993"/>
</kw>
<kw name="End Web Test" library="StartToFinish" type="TEARDOWN">
<kw name="Sleep" library="BuiltIn">
<arg>5s</arg>
<doc>Pauses the test executed for the given time.</doc>
<msg timestamp="20230118 15:54:05.999" level="INFO">Slept 5 seconds</msg>
<status status="PASS" starttime="20230118 15:54:00.994" endtime="20230118 15:54:05.999"/>
</kw>
<kw name="Close All Browsers" library="SeleniumLibrary">
<doc>Closes all open browsers and resets the browser cache.</doc>
<status status="PASS" starttime="20230118 15:54:05.999" endtime="20230118 15:54:06.674"/>
</kw>
<status status="PASS" starttime="20230118 15:54:00.993" endtime="20230118 15:54:06.674"/>
</kw>
<doc>This is test 1</doc>
<tag>Test1</tag>
<status status="PASS" starttime="20230118 15:53:49.950" endtime="20230118 15:54:06.674"/>
</test>
<doc>Test cases intended for portal check</doc>
<status status="PASS" starttime="20230118 15:53:49.577" endtime="20230118 15:54:06.675"/>
</suite>
<statistics>
<total>
<stat pass="1" fail="0" skip="0">All Tests</stat>
</total>
<tag>
<stat pass="1" fail="0" skip="0">Test1</stat>
</tag>
<suite>
<stat pass="1" fail="0" skip="0" id="s1" name="FrontEnd">FrontEnd</stat>
</suite>
</statistics>
<errors>
<msg timestamp="20230118 15:53:49.938" level="ERROR">Error in file 'C:\development\robot-scripts\end-to-end\Tests\FrontEnd\FrontEnd.robot' on line 5: Setting 'Test Setup' is not allowed in resource file.</msg>
<msg timestamp="20230118 15:53:49.939" level="ERROR">Error in file 'C:\development\robot-scripts\end-to-end\Tests\FrontEnd\FrontEnd.robot' on line 6: Setting 'Test Teardown' is not allowed in resource file.</msg>
<msg timestamp="20230118 15:53:49.939" level="ERROR">Error in file 'C:\development\robot-scripts\end-to-end\Resources\FrontEnd\PO\Landing.robot' on line 3: Error in file 'C:\development\robot-scripts\end-to-end\Tests\FrontEnd\FrontEnd.robot' on line 12: Resource file with 'Test Cases' section is invalid.</msg>
</errors>
</robot>
