<?xml version="1.0" encoding="UTF-8"?>
<robot generator="Robot 5.0.1 (Python 3.10.7 on win32)" generated="20230110 17:20:20.321" rpa="false" schemaversion="3">
<suite id="s1" name="FrontEnd" source="C:\development\robot-scripts\end-to-end\Tests\FrontEnd\FrontEnd.robot">
<test id="s1-t1" name="Should be able to access &quot;Landing&quot; page" line="13">
<kw name="Begin Web Test" library="StartToFinish" type="SETUP">
<kw name="Open Browser" library="SeleniumLibrary">
<arg>about:blank</arg>
<arg>${BROWSER}</arg>
<doc>Opens a new browser instance to the optional ``url``.</doc>
<msg timestamp="20230110 17:20:20.670" level="INFO">Opening browser 'chrome' to base url 'about:blank'.</msg>
<status status="PASS" starttime="20230110 17:20:20.670" endtime="20230110 17:20:21.831"/>
</kw>
<kw name="Maximize Browser Window" library="SeleniumLibrary">
<doc>Maximizes current browser window.</doc>
<status status="PASS" starttime="20230110 17:20:21.831" endtime="20230110 17:20:21.952"/>
</kw>
<kw name="Sleep" library="BuiltIn">
<arg>5s</arg>
<doc>Pauses the test executed for the given time.</doc>
<msg timestamp="20230110 17:20:26.964" level="INFO">Slept 5 seconds</msg>
<status status="PASS" starttime="20230110 17:20:21.952" endtime="20230110 17:20:26.964"/>
</kw>
<status status="PASS" starttime="20230110 17:20:20.670" endtime="20230110 17:20:26.964"/>
</kw>
<kw name="Go to Landing page" library="FrontEndApp">
<kw name="Navigate To" library="Landing">
<kw name="Go To" library="SeleniumLibrary">
<arg>${URL}</arg>
<doc>Navigates the current browser window to the provided ``url``.</doc>
<msg timestamp="20230110 17:20:26.965" level="INFO">Opening url 'https://magento.softwaretestingboard.com/'</msg>
<status status="PASS" starttime="20230110 17:20:26.965" endtime="20230110 17:20:28.336"/>
</kw>
<status status="PASS" starttime="20230110 17:20:26.965" endtime="20230110 17:20:28.336"/>
</kw>
<status status="PASS" starttime="20230110 17:20:26.964" endtime="20230110 17:20:28.336"/>
</kw>
<kw name="End Web Test" library="StartToFinish" type="TEARDOWN">
<kw name="Sleep" library="BuiltIn">
<arg>5s</arg>
<doc>Pauses the test executed for the given time.</doc>
<msg timestamp="20230110 17:20:33.337" level="INFO">Slept 5 seconds</msg>
<status status="PASS" starttime="20230110 17:20:28.336" endtime="20230110 17:20:33.337"/>
</kw>
<kw name="Close All Browsers" library="SeleniumLibrary">
<doc>Closes all open browsers and resets the browser cache.</doc>
<status status="PASS" starttime="20230110 17:20:33.337" endtime="20230110 17:20:35.486"/>
</kw>
<status status="PASS" starttime="20230110 17:20:28.336" endtime="20230110 17:20:35.486"/>
</kw>
<doc>This is test 1</doc>
<tag>Test1</tag>
<status status="PASS" starttime="20230110 17:20:20.669" endtime="20230110 17:20:35.487"/>
</test>
<doc>Test cases intended for portal check</doc>
<status status="PASS" starttime="20230110 17:20:20.323" endtime="20230110 17:20:35.488"/>
</suite>
<statistics>
<total>
<stat pass="1" fail="0" skip="0">All Tests</stat>
</total>
<tag>
<stat pass="1" fail="0" skip="0">Test1</stat>
</tag>
<suite>
<stat pass="1" fail="0" skip="0" id="s1" name="FrontEnd">FrontEnd</stat>
</suite>
</statistics>
<errors>
<msg timestamp="20230110 17:20:20.659" level="ERROR">Error in file 'C:\development\robot-scripts\end-to-end\Tests\FrontEnd\FrontEnd.robot' on line 5: Setting 'Test Setup' is not allowed in resource file.</msg>
<msg timestamp="20230110 17:20:20.659" level="ERROR">Error in file 'C:\development\robot-scripts\end-to-end\Tests\FrontEnd\FrontEnd.robot' on line 6: Setting 'Test Teardown' is not allowed in resource file.</msg>
<msg timestamp="20230110 17:20:20.660" level="ERROR">Error in file 'C:\development\robot-scripts\end-to-end\Resources\FrontEnd\PO\Landing.robot' on line 3: Error in file 'C:\development\robot-scripts\end-to-end\Tests\FrontEnd\FrontEnd.robot' on line 12: Resource file with 'Test Cases' section is invalid.</msg>
</errors>
</robot>
